<?xml version="1.0" encoding="UTF-8"?>
<!-- Generated by org.testng.reporters.JUnitXMLReporter -->
<testsuite hostname="M5-L-1Y9W5M2" ignored="0" name="Test" tests="4" failures="0" timestamp="2020-07-13T18:55:40 IST" time="73.012" errors="0">
  <testcase name="basePageNavigation" time="0.12" classname="Framework.ValidateTitle"/>
  <testcase name="basePageNavigation" time="0.189" classname="Framework.ValidateNavigationBar"/>
  <testcase name="basePageNavigation" time="3.516" classname="Framework.HomePage"/>
  <testcase name="basePageNavigation" time="7.167" classname="Framework.HomePage"/>
</testsuite> <!-- Test -->
