<?xml version="1.0" encoding="UTF-8"?>
<!-- Generated by org.testng.reporters.JUnitXMLReporter -->
<testsuite hostname="M5-L-1Y9W5M2" ignored="0" name="Validating login" tests="4" failures="0" timestamp="2020-07-14T21:52:04 IST" time="0.185" errors="0">
  <testcase name="@BeforeTest initialize" time="0.017" classname="Framework.HomePage">
    <failure type="java.lang.NullPointerException">
      <![CDATA[java.lang.NullPointerException
at resources.Base.initializeDriver(Base.java:37)
at Framework.HomePage.initialize(HomePage.java:26)
at java.util.concurrent.FutureTask.run(Unknown Source)
at java.util.concurrent.ThreadPoolExecutor.runWorker(Unknown Source)
at java.util.concurrent.ThreadPoolExecutor$Worker.run(Unknown Source)
at java.lang.Thread.run(Unknown Source)
... Removed 15 stack frames]]>
    </failure>
  </testcase> <!-- @BeforeTest initialize -->
  <testcase name="@AfterTest teardown" time="-1.594743724921E9" classname="Framework.HomePage">
    <skipped/>
  </testcase> <!-- @AfterTest teardown -->
  <testcase name="basePageNavigation" time="0.0" classname="Framework.HomePage">
    <skipped/>
  </testcase> <!-- basePageNavigation -->
  <testcase name="validateNavigation" time="0.0" classname="Framework.ValidateNavigationBar">
    <skipped/>
  </testcase> <!-- validateNavigation -->
  <testcase name="validateAppTitle" time="0.0" classname="Framework.ValidateTitle">
    <skipped/>
  </testcase> <!-- validateAppTitle -->
  <testcase name="basePageNavigation" time="0.0" classname="Framework.HomePage">
    <skipped/>
  </testcase> <!-- basePageNavigation -->
</testsuite> <!-- Validating login -->
