<?xml version="1.0" encoding="UTF-8"?>
<!-- Generated by org.testng.reporters.JUnitXMLReporter -->
<testsuite hostname="M5-L-1Y9W5M2" ignored="0" name="Test" tests="4" failures="0" timestamp="2020-07-13T19:22:42 IST" time="138.969" errors="0">
  <testcase name="basePageNavigation" time="0.229" classname="Framework.ValidateTitle"/>
  <testcase name="basePageNavigation" time="0.481" classname="Framework.ValidateNavigationBar"/>
  <testcase name="basePageNavigation" time="10.538" classname="Framework.HomePage"/>
  <testcase name="basePageNavigation" time="11.144" classname="Framework.HomePage"/>
</testsuite> <!-- Test -->
