<?xml version="1.0" encoding="UTF-8"?>
<!-- Generated by org.testng.reporters.JUnitXMLReporter -->
<testsuite hostname="M5-L-1Y9W5M2" ignored="0" name="Validating title of page" tests="1" failures="1" timestamp="2020-07-14T23:09:31 IST" time="28.984" errors="0">
  <testcase name="validateAppTitle" time="0.15" classname="Framework.ValidateTitle">
    <failure type="java.lang.AssertionError" message="expected [FEATURED C12OUSES] but found [FEATURED COURSES]">
      <![CDATA[java.lang.AssertionError: expected [FEATURED C12OUSES] but found [FEATURED COURSES]
at Framework.ValidateTitle.validateAppTitle(ValidateTitle.java:40)
at java.util.ArrayList.forEach(ArrayList.java:1257)
at java.util.concurrent.FutureTask.run(FutureTask.java:266)
at java.util.concurrent.ThreadPoolExecutor.runWorker(ThreadPoolExecutor.java:1149)
at java.util.concurrent.ThreadPoolExecutor$Worker.run(ThreadPoolExecutor.java:624)
at java.lang.Thread.run(Thread.java:748)
... Removed 23 stack frames]]>
    </failure>
  </testcase> <!-- validateAppTitle -->
</testsuite> <!-- Validating title of page -->
