<?xml version="1.0" encoding="UTF-8"?>
<testng-results skipped="0" failed="0" ignored="0" total="2" passed="2">
  <reporter-output>
  </reporter-output>
  <suite name="Suite" duration-ms="38295" started-at="2020-07-14T23:08:59 IST" finished-at="2020-07-14T23:09:37 IST">
    <groups>
    </groups>
    <test name="Validating login" duration-ms="38295" started-at="2020-07-14T23:08:59 IST" finished-at="2020-07-14T23:09:37 IST">
      <class name="Framework.HomePage">
        <test-method status="PASS" signature="initialize()[pri:0, instance:Framework.HomePage@1da2cb77]" name="initialize" is-config="true" duration-ms="19847" started-at="2020-07-14T23:08:59 IST" finished-at="2020-07-14T23:09:19 IST">
          <reporter-output>
          </reporter-output>
        </test-method> <!-- initialize -->
        <test-method status="PASS" signature="basePageNavigation(java.lang.String, java.lang.String, java.lang.String)[pri:0, instance:Framework.HomePage@1da2cb77]" name="basePageNavigation" duration-ms="13283" started-at="2020-07-14T23:09:19 IST" data-provider="getData" finished-at="2020-07-14T23:09:32 IST">
          <params>
            <param index="0">
              <value>
                <![CDATA[restricteduser@qa.com]]>
              </value>
            </param>
            <param index="1">
              <value>
                <![CDATA[141415]]>
              </value>
            </param>
            <param index="2">
              <value>
                <![CDATA[restricted user]]>
              </value>
            </param>
          </params>
          <reporter-output>
          </reporter-output>
        </test-method> <!-- basePageNavigation -->
        <test-method status="PASS" signature="basePageNavigation(java.lang.String, java.lang.String, java.lang.String)[pri:0, instance:Framework.HomePage@1da2cb77]" name="basePageNavigation" duration-ms="5051" started-at="2020-07-14T23:09:32 IST" data-provider="getData" finished-at="2020-07-14T23:09:37 IST">
          <params>
            <param index="0">
              <value>
                <![CDATA[nonrestricteduser@qa.com]]>
              </value>
            </param>
            <param index="1">
              <value>
                <![CDATA[767857]]>
              </value>
            </param>
            <param index="2">
              <value>
                <![CDATA[nonrestricted user]]>
              </value>
            </param>
          </params>
          <reporter-output>
          </reporter-output>
        </test-method> <!-- basePageNavigation -->
        <test-method status="PASS" signature="teardown()[pri:0, instance:Framework.HomePage@1da2cb77]" name="teardown" is-config="true" duration-ms="49" started-at="2020-07-14T23:09:37 IST" finished-at="2020-07-14T23:09:37 IST">
          <reporter-output>
          </reporter-output>
        </test-method> <!-- teardown -->
      </class> <!-- Framework.HomePage -->
    </test> <!-- Validating login -->
  </suite> <!-- Suite -->
</testng-results>
