-------------------------------------------------------------------------------
Test set: TestSuite
-------------------------------------------------------------------------------
Tests run: 4, Failures: 1, Errors: 0, Skipped: 0, Time elapsed: 40.557 s <<< FAILURE! - in TestSuite
Framework.ValidateTitle.validateAppTitle  Time elapsed: 0.197 s  <<< FAILURE!
java.lang.AssertionError: expected [FEATURED C12OUSES] but found [FEATURED COURSES]
	at Framework.ValidateTitle.validateAppTitle(ValidateTitle.java:40)

